0 info it worked if it ends with ok
1 verbose cli [ '/usr/local/bin/node',
1 verbose cli   '/usr/local/bin/npm',
1 verbose cli   'i',
1 verbose cli   'express',
1 verbose cli   '-g' ]
2 info using npm@2.14.7
3 info using node@v5.7.0
4 verbose install initial load of /usr/local/lib/package.json
5 verbose readDependencies loading dependencies from /usr/local/lib/package.json
6 silly cache add args [ 'express', null ]
7 verbose cache add spec express
8 silly cache add parsed spec Result {
8 silly cache add   raw: 'express',
8 silly cache add   scope: null,
8 silly cache add   name: 'express',
8 silly cache add   rawSpec: '',
8 silly cache add   spec: '*',
8 silly cache add   type: 'range' }
9 silly addNamed express@*
10 verbose addNamed "*" is a valid semver range for express
11 silly addNameRange { name: 'express', range: '*', hasData: false }
12 silly mapToRegistry name express
13 silly mapToRegistry using default registry
14 silly mapToRegistry registry https://registry.npmjs.org/
15 silly mapToRegistry uri https://registry.npmjs.org/express
16 verbose addNameRange registry:https://registry.npmjs.org/express not in flight; fetching
17 verbose request uri https://registry.npmjs.org/express
18 verbose request no auth needed
19 info attempt registry request try #1 at 10:22:18 AM
20 verbose request id e53bf6ac0f51f982
21 verbose etag W/"5829174c-84fcc"
22 verbose lastModified Mon, 14 Nov 2016 01:45:48 GMT
23 http request GET https://registry.npmjs.org/express
24 http 304 https://registry.npmjs.org/express
25 verbose headers { date: 'Mon, 14 Nov 2016 18:22:18 GMT',
25 verbose headers   via: '1.1 varnish',
25 verbose headers   'cache-control': 'max-age=300',
25 verbose headers   etag: 'W/"5829174c-84fcc"',
25 verbose headers   age: '36',
25 verbose headers   connection: 'keep-alive',
25 verbose headers   'x-served-by': 'cache-sea1920-SEA',
25 verbose headers   'x-cache': 'HIT',
25 verbose headers   'x-cache-hits': '4',
25 verbose headers   'x-timer': 'S1479147738.417275,VS0,VE0',
25 verbose headers   vary: 'Accept-Encoding' }
26 silly get cb [ 304,
26 silly get   { date: 'Mon, 14 Nov 2016 18:22:18 GMT',
26 silly get     via: '1.1 varnish',
26 silly get     'cache-control': 'max-age=300',
26 silly get     etag: 'W/"5829174c-84fcc"',
26 silly get     age: '36',
26 silly get     connection: 'keep-alive',
26 silly get     'x-served-by': 'cache-sea1920-SEA',
26 silly get     'x-cache': 'HIT',
26 silly get     'x-cache-hits': '4',
26 silly get     'x-timer': 'S1479147738.417275,VS0,VE0',
26 silly get     vary: 'Accept-Encoding' } ]
27 verbose etag https://registry.npmjs.org/express from cache
28 verbose get saving express to /Users/chay/.npm/registry.npmjs.org/express/.cache.json
29 silly addNameRange number 2 { name: 'express', range: '*', hasData: true }
30 silly addNameRange versions [ 'express',
30 silly addNameRange   [ '0.14.0',
30 silly addNameRange     '0.14.1',
30 silly addNameRange     '1.0.0',
30 silly addNameRange     '1.0.1',
30 silly addNameRange     '1.0.2',
30 silly addNameRange     '1.0.3',
30 silly addNameRange     '1.0.4',
30 silly addNameRange     '1.0.5',
30 silly addNameRange     '1.0.6',
30 silly addNameRange     '1.0.7',
30 silly addNameRange     '1.0.8',
30 silly addNameRange     '2.0.0',
30 silly addNameRange     '2.1.0',
30 silly addNameRange     '2.1.1',
30 silly addNameRange     '2.2.0',
30 silly addNameRange     '2.2.1',
30 silly addNameRange     '2.2.2',
30 silly addNameRange     '2.3.0',
30 silly addNameRange     '2.3.1',
30 silly addNameRange     '2.3.2',
30 silly addNameRange     '2.3.3',
30 silly addNameRange     '2.3.4',
30 silly addNameRange     '2.3.5',
30 silly addNameRange     '2.3.6',
30 silly addNameRange     '2.3.7',
30 silly addNameRange     '2.3.8',
30 silly addNameRange     '2.3.9',
30 silly addNameRange     '2.3.10',
30 silly addNameRange     '2.3.11',
30 silly addNameRange     '2.3.12',
30 silly addNameRange     '2.4.0',
30 silly addNameRange     '2.4.1',
30 silly addNameRange     '2.4.2',
30 silly addNameRange     '2.4.3',
30 silly addNameRange     '2.4.4',
30 silly addNameRange     '2.4.5',
30 silly addNameRange     '2.4.6',
30 silly addNameRange     '2.4.7',
30 silly addNameRange     '2.5.0',
30 silly addNameRange     '2.5.1',
30 silly addNameRange     '2.5.2',
30 silly addNameRange     '2.5.3',
30 silly addNameRange     '2.5.4',
30 silly addNameRange     '2.5.5',
30 silly addNameRange     '2.5.6',
30 silly addNameRange     '2.5.7',
30 silly addNameRange     '2.5.8',
30 silly addNameRange     '2.5.9',
30 silly addNameRange     '2.5.10',
30 silly addNameRange     '2.5.11',
30 silly addNameRange     '3.0.0',
30 silly addNameRange     '3.0.1',
30 silly addNameRange     '3.0.2',
30 silly addNameRange     '3.0.3',
30 silly addNameRange     '3.0.4',
30 silly addNameRange     '3.0.5',
30 silly addNameRange     '3.0.6',
30 silly addNameRange     '3.1.0',
30 silly addNameRange     '3.1.1',
30 silly addNameRange     '3.1.2',
30 silly addNameRange     '3.2.0',
30 silly addNameRange     '3.2.1',
30 silly addNameRange     '3.2.2',
30 silly addNameRange     '3.2.3',
30 silly addNameRange     '3.2.4',
30 silly addNameRange     '3.2.5',
30 silly addNameRange     '3.2.6',
30 silly addNameRange     '3.3.0',
30 silly addNameRange     '3.3.1',
30 silly addNameRange     '3.3.2',
30 silly addNameRange     '3.3.3',
30 silly addNameRange     '3.3.4',
30 silly addNameRange     '3.3.5',
30 silly addNameRange     '3.3.6',
30 silly addNameRange     '1.0.0-beta',
30 silly addNameRange     '1.0.0-beta2',
30 silly addNameRange     '1.0.0-rc',
30 silly addNameRange     '1.0.0-rc2',
30 silly addNameRange     '1.0.0-rc3',
30 silly addNameRange     '1.0.0-rc4',
30 silly addNameRange     '2.0.0-beta',
30 silly addNameRange     '2.0.0-beta2',
30 silly addNameRange     '2.0.0-beta3',
30 silly addNameRange     '2.0.0-rc',
30 silly addNameRange     '2.0.0-rc2',
30 silly addNameRange     '2.0.0-rc3',
30 silly addNameRange     '3.0.0-alpha1',
30 silly addNameRange     '3.0.0-alpha2',
30 silly addNameRange     '3.0.0-alpha3',
30 silly addNameRange     '3.0.0-alpha4',
30 silly addNameRange     '3.0.0-alpha5',
30 silly addNameRange     '3.0.0-beta1',
30 silly addNameRange     '3.0.0-beta2',
30 silly addNameRange     '3.0.0-beta3',
30 silly addNameRange     '3.0.0-beta4',
30 silly addNameRange     '3.0.0-beta6',
30 silly addNameRange     '3.0.0-beta7',
30 silly addNameRange     '3.0.0-rc1',
30 silly addNameRange     '3.0.0-rc2',
30 silly addNameRange     '3.0.0-rc3',
30 silly addNameRange     '3.0.0-rc4',
30 silly addNameRange     '3.0.0-rc5',
30 silly addNameRange     '3.3.7',
30 silly addNameRange     '3.3.8',
30 silly addNameRange     '3.4.0',
30 silly addNameRange     '3.4.1',
30 silly addNameRange     '3.4.2',
30 silly addNameRange     '3.4.3',
30 silly addNameRange     '3.4.4',
30 silly addNameRange     '3.4.5',
30 silly addNameRange     '3.4.6',
30 silly addNameRange     '3.4.7',
30 silly addNameRange     '3.4.8',
30 silly addNameRange     '4.0.0-rc1',
30 silly addNameRange     '4.0.0-rc2',
30 silly addNameRange     '3.5.0',
30 silly addNameRange     '4.0.0-rc3',
30 silly addNameRange     '4.0.0-rc4',
30 silly addNameRange     '3.5.1',
30 silly addNameRange     '4.0.0',
30 silly addNameRange     '3.5.2',
30 silly addNameRange     '4.1.0',
30 silly addNameRange     '4.1.1',
30 silly addNameRange     '3.5.3',
30 silly addNameRange     '4.1.2',
30 silly addNameRange     '3.6.0',
30 silly addNameRange     '4.2.0',
30 silly addNameRange     '3.7.0',
30 silly addNameRange     '3.8.0',
30 silly addNameRange     '4.3.0',
30 silly addNameRange     '4.3.1',
30 silly addNameRange     '3.8.1',
30 silly addNameRange     '4.3.2',
30 silly addNameRange     '3.9.0',
30 silly addNameRange     '4.4.0',
30 silly addNameRange     '4.4.1',
30 silly addNameRange     '3.10.0',
30 silly addNameRange     '3.10.1',
30 silly addNameRange     '3.10.2',
30 silly addNameRange     '3.10.3',
30 silly addNameRange     '3.10.4',
30 silly addNameRange     '4.4.2',
30 silly addNameRange     '3.10.5',
30 silly addNameRange     '4.4.3',
30 silly addNameRange     '3.11.0',
30 silly addNameRange     '4.4.4',
30 silly addNameRange     '3.12.0',
30 silly addNameRange     '3.12.1',
30 silly addNameRange     '4.4.5',
30 silly addNameRange     '3.13.0',
30 silly addNameRange     '4.5.0',
30 silly addNameRange     '4.5.1',
30 silly addNameRange     '3.14.0',
30 silly addNameRange     '4.6.0',
30 silly addNameRange     '4.6.1',
30 silly addNameRange     '3.15.0',
30 silly addNameRange     '4.7.0',
30 silly addNameRange     '3.15.1',
30 silly addNameRange     '4.7.1',
30 silly addNameRange     '3.15.2',
30 silly addNameRange     '4.7.2',
30 silly addNameRange     '4.7.3',
30 silly addNameRange     '3.15.3',
30 silly addNameRange     '4.7.4',
30 silly addNameRange     '3.16.0',
30 silly addNameRange     '4.8.0',
30 silly addNameRange     '3.16.1',
30 silly addNameRange     '4.8.1',
30 silly addNameRange     '3.16.2',
30 silly addNameRange     '4.8.2',
30 silly addNameRange     '3.16.3',
30 silly addNameRange     '3.16.4',
30 silly addNameRange     '4.8.3',
30 silly addNameRange     '3.16.5',
30 silly addNameRange     '3.16.6',
30 silly addNameRange     '4.8.4',
30 silly addNameRange     '3.16.7',
30 silly addNameRange     '4.8.5',
30 silly addNameRange     '3.16.8',
30 silly addNameRange     '4.8.6',
30 silly addNameRange     '3.16.9',
30 silly addNameRange     '4.8.7',
30 silly addNameRange     '3.16.10',
30 silly addNameRange     '4.8.8',
30 silly addNameRange     '3.17.0',
30 silly addNameRange     '3.17.1',
30 silly addNameRange     '4.9.0',
30 silly addNameRange     '3.17.2',
30 silly addNameRange     '4.9.1',
30 silly addNameRange     '4.9.2',
30 silly addNameRange     '3.17.3',
30 silly addNameRange     '4.9.3',
30 silly addNameRange     '3.17.4',
30 silly addNameRange     '4.9.4',
30 silly addNameRange     '3.17.5',
30 silly addNameRange     '4.9.5',
30 silly addNameRange     '3.17.6',
30 silly addNameRange     '3.17.7',
30 silly addNameRange     '4.9.6',
30 silly addNameRange     '4.9.7',
30 silly addNameRange     '3.17.8',
30 silly addNameRange     '4.9.8',
30 silly addNameRange     '3.18.0',
30 silly addNameRange     '3.18.1',
30 silly addNameRange     '4.10.0',
30 silly addNameRange     '3.18.2',
30 silly addNameRange     '4.10.1',
30 silly addNameRange     '5.0.0-alpha.1',
30 silly addNameRange     '3.18.3',
30 silly addNameRange     '4.10.2',
30 silly addNameRange     '3.18.4',
30 silly addNameRange     '4.10.3',
30 silly addNameRange     '4.10.4',
30 silly addNameRange     '4.10.5',
30 silly addNameRange     '3.18.5',
30 silly addNameRange     '3.18.6',
30 silly addNameRange     '4.10.6',
30 silly addNameRange     '4.10.7',
30 silly addNameRange     '3.19.0',
30 silly addNameRange     '4.10.8',
30 silly addNameRange     '4.11.0',
30 silly addNameRange     '3.19.1',
30 silly addNameRange     '4.11.1',
30 silly addNameRange     '3.19.2',
30 silly addNameRange     '4.11.2',
30 silly addNameRange     '3.20.0',
30 silly addNameRange     '4.12.0',
30 silly addNameRange     '3.20.1',
30 silly addNameRange     '4.12.1',
30 silly addNameRange     '4.12.2',
30 silly addNameRange     '3.20.2',
30 silly addNameRange     '4.12.3',
30 silly addNameRange     '3.20.3',
30 silly addNameRange     '4.12.4',
30 silly addNameRange     '3.21.0',
30 silly addNameRange     '4.13.0',
30 silly addNameRange     '3.21.1',
30 silly addNameRange     '4.13.1',
30 silly addNameRange     '5.0.0-alpha.2',
30 silly addNameRange     '3.21.2',
30 silly addNameRange     '4.13.2',
30 silly addNameRange     '4.13.3',
30 silly addNameRange     '4.13.4',
30 silly addNameRange     '4.14.0' ] ]
31 silly addNamed express@4.14.0
32 verbose addNamed "4.14.0" is a plain semver version for express
33 silly cache afterAdd express@4.14.0
34 verbose afterAdd /Users/chay/.npm/express/4.14.0/package/package.json not in flight; writing
35 verbose afterAdd /Users/chay/.npm/express/4.14.0/package/package.json written
36 silly install resolved [ { name: 'express',
36 silly install resolved     description: 'Fast, unopinionated, minimalist web framework',
36 silly install resolved     version: '4.14.0',
36 silly install resolved     author: { name: 'TJ Holowaychuk', email: 'tj@vision-media.ca' },
36 silly install resolved     contributors:
36 silly install resolved      [ [Object],
36 silly install resolved        [Object],
36 silly install resolved        [Object],
36 silly install resolved        [Object],
36 silly install resolved        [Object],
36 silly install resolved        [Object],
36 silly install resolved        [Object] ],
36 silly install resolved     license: 'MIT',
36 silly install resolved     repository:
36 silly install resolved      { type: 'git',
36 silly install resolved        url: 'git+https://github.com/expressjs/express.git' },
36 silly install resolved     homepage: 'http://expressjs.com/',
36 silly install resolved     keywords:
36 silly install resolved      [ 'express',
36 silly install resolved        'framework',
36 silly install resolved        'sinatra',
36 silly install resolved        'web',
36 silly install resolved        'rest',
36 silly install resolved        'restful',
36 silly install resolved        'router',
36 silly install resolved        'app',
36 silly install resolved        'api' ],
36 silly install resolved     dependencies:
36 silly install resolved      { accepts: '~1.3.3',
36 silly install resolved        'array-flatten': '1.1.1',
36 silly install resolved        'content-disposition': '0.5.1',
36 silly install resolved        'content-type': '~1.0.2',
36 silly install resolved        cookie: '0.3.1',
36 silly install resolved        'cookie-signature': '1.0.6',
36 silly install resolved        debug: '~2.2.0',
36 silly install resolved        depd: '~1.1.0',
36 silly install resolved        encodeurl: '~1.0.1',
36 silly install resolved        'escape-html': '~1.0.3',
36 silly install resolved        etag: '~1.7.0',
36 silly install resolved        finalhandler: '0.5.0',
36 silly install resolved        fresh: '0.3.0',
36 silly install resolved        'merge-descriptors': '1.0.1',
36 silly install resolved        methods: '~1.1.2',
36 silly install resolved        'on-finished': '~2.3.0',
36 silly install resolved        parseurl: '~1.3.1',
36 silly install resolved        'path-to-regexp': '0.1.7',
36 silly install resolved        'proxy-addr': '~1.1.2',
36 silly install resolved        qs: '6.2.0',
36 silly install resolved        'range-parser': '~1.2.0',
36 silly install resolved        send: '0.14.1',
36 silly install resolved        'serve-static': '~1.11.1',
36 silly install resolved        'type-is': '~1.6.13',
36 silly install resolved        'utils-merge': '1.0.0',
36 silly install resolved        vary: '~1.1.0' },
36 silly install resolved     devDependencies:
36 silly install resolved      { after: '0.8.1',
36 silly install resolved        'body-parser': '~1.15.1',
36 silly install resolved        'cookie-parser': '~1.4.3',
36 silly install resolved        ejs: '2.4.2',
36 silly install resolved        istanbul: '0.4.3',
36 silly install resolved        marked: '0.3.5',
36 silly install resolved        'method-override': '~2.3.6',
36 silly install resolved        mocha: '2.5.3',
36 silly install resolved        morgan: '~1.7.0',
36 silly install resolved        should: '9.0.2',
36 silly install resolved        supertest: '1.2.0',
36 silly install resolved        'connect-redis': '~2.4.1',
36 silly install resolved        'cookie-session': '~1.2.0',
36 silly install resolved        'express-session': '~1.13.0',
36 silly install resolved        jade: '~1.11.0',
36 silly install resolved        multiparty: '~4.1.2',
36 silly install resolved        vhost: '~3.0.2' },
36 silly install resolved     engines: { node: '>= 0.10.0' },
36 silly install resolved     files: [ 'LICENSE', 'History.md', 'Readme.md', 'index.js', 'lib/' ],
36 silly install resolved     scripts:
36 silly install resolved      { test: 'mocha --require test/support/env --reporter spec --bail --check-leaks test/ test/acceptance/',
36 silly install resolved        'test-ci': 'istanbul cover node_modules/mocha/bin/_mocha --report lcovonly -- --require test/support/env --reporter spec --check-leaks test/ test/acceptance/',
36 silly install resolved        'test-cov': 'istanbul cover node_modules/mocha/bin/_mocha -- --require test/support/env --reporter dot --check-leaks test/ test/acceptance/',
36 silly install resolved        'test-tap': 'mocha --require test/support/env --reporter tap --check-leaks test/ test/acceptance/' },
36 silly install resolved     gitHead: '9375a9afa9d7baa814b454c7a6818a7471aaef00',
36 silly install resolved     bugs: { url: 'https://github.com/expressjs/express/issues' },
36 silly install resolved     _id: 'express@4.14.0',
36 silly install resolved     _shasum: 'c1ee3f42cdc891fb3dc650a8922d51ec847d0d66',
36 silly install resolved     _from: 'express@*',
36 silly install resolved     _npmVersion: '1.4.28',
36 silly install resolved     _npmUser: { name: 'dougwilson', email: 'doug@somethingdoug.com' },
36 silly install resolved     maintainers: [ [Object], [Object], [Object], [Object] ],
36 silly install resolved     dist:
36 silly install resolved      { shasum: 'c1ee3f42cdc891fb3dc650a8922d51ec847d0d66',
36 silly install resolved        tarball: 'https://registry.npmjs.org/express/-/express-4.14.0.tgz' },
36 silly install resolved     _npmOperationalInternal:
36 silly install resolved      { host: 'packages-12-west.internal.npmjs.com',
36 silly install resolved        tmp: 'tmp/express-4.14.0.tgz_1466095407850_0.17484632693231106' },
36 silly install resolved     directories: {},
36 silly install resolved     _resolved: 'https://registry.npmjs.org/express/-/express-4.14.0.tgz',
36 silly install resolved     readme: 'ERROR: No README data found!' } ]
37 info install express@4.14.0 into /usr/local/lib
38 info installOne express@4.14.0
39 verbose installOne of express to /usr/local/lib not in flight; installing
40 verbose lock using /Users/chay/.npm/_locks/express-59b5b7164c5e2658.lock for /usr/local/lib/node_modules/express
41 silly install write writing express 4.14.0 to /usr/local/lib/node_modules/express
42 verbose unbuild lib/node_modules/express
43 silly gentlyRm /usr/local/lib/node_modules/express is being purged from base /usr/local
44 verbose gentlyRm don't care about contents; nuking /usr/local/lib/node_modules/express
45 verbose tar unpack /Users/chay/.npm/express/4.14.0/package.tgz
46 verbose tar unpacking to /usr/local/lib/node_modules/express
47 silly gentlyRm /usr/local/lib/node_modules/express is being purged
48 verbose gentlyRm don't care about contents; nuking /usr/local/lib/node_modules/express
49 silly gunzTarPerm modes [ '755', '644' ]
50 error tar.unpack untar error /Users/chay/.npm/express/4.14.0/package.tgz
51 verbose unlock done using /Users/chay/.npm/_locks/express-59b5b7164c5e2658.lock for /usr/local/lib/node_modules/express
52 verbose fstream_path /usr/local/lib/node_modules/express
53 verbose fstream_type Directory
54 verbose fstream_class DirWriter
55 verbose stack Error: EACCES: permission denied, mkdir '/usr/local/lib/node_modules/express'
55 verbose stack     at Error (native)
56 verbose fstream_stack /usr/local/lib/node_modules/npm/node_modules/fstream/lib/dir-writer.js:35:25
56 verbose fstream_stack /usr/local/lib/node_modules/npm/node_modules/mkdirp/index.js:47:53
56 verbose fstream_stack FSReqWrap.oncomplete (fs.js:82:15)
57 verbose cwd /Users/chay/codefellows/301/wheatlessin
58 error Darwin 15.6.0
59 error argv "/usr/local/bin/node" "/usr/local/bin/npm" "i" "express" "-g"
60 error node v5.7.0
61 error npm  v2.14.7
62 error path /usr/local/lib/node_modules/express
63 error code EACCES
64 error errno -13
65 error syscall mkdir
66 error Error: EACCES: permission denied, mkdir '/usr/local/lib/node_modules/express'
66 error     at Error (native)
66 error  { [Error: EACCES: permission denied, mkdir '/usr/local/lib/node_modules/express']
66 error   errno: -13,
66 error   code: 'EACCES',
66 error   syscall: 'mkdir',
66 error   path: '/usr/local/lib/node_modules/express',
66 error   fstream_type: 'Directory',
66 error   fstream_path: '/usr/local/lib/node_modules/express',
66 error   fstream_class: 'DirWriter',
66 error   fstream_stack:
66 error    [ '/usr/local/lib/node_modules/npm/node_modules/fstream/lib/dir-writer.js:35:25',
66 error      '/usr/local/lib/node_modules/npm/node_modules/mkdirp/index.js:47:53',
66 error      'FSReqWrap.oncomplete (fs.js:82:15)' ] }
67 error Please try running this command again as root/Administrator.
68 verbose exit [ -13, true ]
69 verbose unbuild lib/node_modules/express
70 silly gentlyRm /usr/local/lib/node_modules/express is being purged from base /usr/local
71 verbose gentlyRm don't care about contents; nuking /usr/local/lib/node_modules/express
